<?xml version="1.0" encoding="UTF-8"?>
<!-- Generated by org.testng.reporters.JUnitXMLReporter -->
<testsuite ignored="0" hostname="LAPTOP-6DLHE4AB" failures="0" tests="4" name="Default test" time="32.492" errors="0" timestamp="2025-01-11T15:20:13 IST">
  <testcase classname="swaglabs.swaglabstesting" name="smoketest" time="12.315"/>
  <testcase classname="swaglabs.swaglabstesting" name="invalid_details" time="0.682"/>
  <testcase classname="swaglabs.swaglabstesting" name="invalid_details" time="0.772"/>
  <testcase classname="swaglabs.swaglabstesting" name="invalid_details" time="0.708"/>
</testsuite> <!-- Default test -->
