<?xml version="1.0" encoding="UTF-8"?>
<testng-results ignored="0" total="4" passed="4" failed="0" skipped="0">
  <reporter-output>
  </reporter-output>
  <suite started-at="2025-01-11T15:19:41 IST" name="Default suite" finished-at="2025-01-11T15:20:13 IST" duration-ms="32492">
    <groups>
    </groups>
    <test started-at="2025-01-11T15:19:41 IST" name="Default test" finished-at="2025-01-11T15:20:13 IST" duration-ms="32492">
      <class name="swaglabs.swaglabstesting">
        <test-method is-config="true" signature="openpage()[pri:0, instance:swaglabs.swaglabstesting@2a798d51]" started-at="2025-01-11T15:19:41 IST" name="openpage" finished-at="2025-01-11T15:19:51 IST" duration-ms="9762" status="PASS">
          <reporter-output>
          </reporter-output>
        </test-method> <!-- openpage -->
        <test-method signature="smoketest()[pri:1, instance:swaglabs.swaglabstesting@2a798d51]" started-at="2025-01-11T15:19:51 IST" name="smoketest" finished-at="2025-01-11T15:20:03 IST" duration-ms="12315" status="PASS">
          <reporter-output>
          </reporter-output>
        </test-method> <!-- smoketest -->
        <test-method is-config="true" signature="closepage()[pri:0, instance:swaglabs.swaglabstesting@2a798d51]" started-at="2025-01-11T15:20:03 IST" name="closepage" finished-at="2025-01-11T15:20:03 IST" duration-ms="278" status="PASS">
          <reporter-output>
          </reporter-output>
        </test-method> <!-- closepage -->
        <test-method is-config="true" signature="openpage()[pri:0, instance:swaglabs.swaglabstesting@2a798d51]" started-at="2025-01-11T15:20:03 IST" name="openpage" finished-at="2025-01-11T15:20:06 IST" duration-ms="2445" status="PASS">
          <reporter-output>
          </reporter-output>
        </test-method> <!-- openpage -->
        <test-method signature="invalid_details(java.lang.String,java.lang.String)[pri:2, instance:swaglabs.swaglabstesting@2a798d51]" started-at="2025-01-11T15:20:06 IST" name="invalid_details" data-provider="logintestdata" finished-at="2025-01-11T15:20:06 IST" duration-ms="682" status="PASS">
          <params>
            <param index="0">
              <value>
                <![CDATA[problem_user]]>
              </value>
            </param>
            <param index="1">
              <value>
                <![CDATA[password]]>
              </value>
            </param>
          </params>
          <reporter-output>
          </reporter-output>
        </test-method> <!-- invalid_details -->
        <test-method is-config="true" signature="closepage()[pri:0, instance:swaglabs.swaglabstesting@2a798d51]" started-at="2025-01-11T15:20:06 IST" name="closepage" finished-at="2025-01-11T15:20:07 IST" duration-ms="797" status="PASS">
          <reporter-output>
          </reporter-output>
        </test-method> <!-- closepage -->
        <test-method is-config="true" signature="openpage()[pri:0, instance:swaglabs.swaglabstesting@2a798d51]" started-at="2025-01-11T15:20:07 IST" name="openpage" finished-at="2025-01-11T15:20:09 IST" duration-ms="1786" status="PASS">
          <reporter-output>
          </reporter-output>
        </test-method> <!-- openpage -->
        <test-method signature="invalid_details(java.lang.String,java.lang.String)[pri:2, instance:swaglabs.swaglabstesting@2a798d51]" started-at="2025-01-11T15:20:09 IST" name="invalid_details" data-provider="logintestdata" finished-at="2025-01-11T15:20:10 IST" duration-ms="772" status="PASS">
          <params>
            <param index="0">
              <value>
                <![CDATA[username1]]>
              </value>
            </param>
            <param index="1">
              <value>
                <![CDATA[secret_sauce]]>
              </value>
            </param>
          </params>
          <reporter-output>
          </reporter-output>
        </test-method> <!-- invalid_details -->
        <test-method is-config="true" signature="closepage()[pri:0, instance:swaglabs.swaglabstesting@2a798d51]" started-at="2025-01-11T15:20:10 IST" name="closepage" finished-at="2025-01-11T15:20:10 IST" duration-ms="530" status="PASS">
          <reporter-output>
          </reporter-output>
        </test-method> <!-- closepage -->
        <test-method is-config="true" signature="openpage()[pri:0, instance:swaglabs.swaglabstesting@2a798d51]" started-at="2025-01-11T15:20:10 IST" name="openpage" finished-at="2025-01-11T15:20:12 IST" duration-ms="1944" status="PASS">
          <reporter-output>
          </reporter-output>
        </test-method> <!-- openpage -->
        <test-method signature="invalid_details(java.lang.String,java.lang.String)[pri:2, instance:swaglabs.swaglabstesting@2a798d51]" started-at="2025-01-11T15:20:12 IST" name="invalid_details" data-provider="logintestdata" finished-at="2025-01-11T15:20:13 IST" duration-ms="708" status="PASS">
          <params>
            <param index="0">
              <value>
                <![CDATA[   ]]>
              </value>
            </param>
            <param index="1">
              <value>
                <![CDATA[    ]]>
              </value>
            </param>
          </params>
          <reporter-output>
          </reporter-output>
        </test-method> <!-- invalid_details -->
        <test-method is-config="true" signature="closepage()[pri:0, instance:swaglabs.swaglabstesting@2a798d51]" started-at="2025-01-11T15:20:13 IST" name="closepage" finished-at="2025-01-11T15:20:13 IST" duration-ms="429" status="PASS">
          <reporter-output>
          </reporter-output>
        </test-method> <!-- closepage -->
      </class> <!-- swaglabs.swaglabstesting -->
    </test> <!-- Default test -->
  </suite> <!-- Default suite -->
</testng-results>
